0 info it worked if it ends with ok
1 verbose cli [ '/usr/bin/node', '/usr/bin/npm', 'install', 'mysql' ]
2 info using npm@3.5.2
3 info using node@v8.10.0
4 silly loadCurrentTree Starting
5 silly install loadCurrentTree
6 silly install readLocalPackageData
7 silly fetchPackageMetaData mysql@^2.8.0
8 silly fetchNamedPackageData mysql
9 silly mapToRegistry name mysql
10 silly mapToRegistry using default registry
11 silly mapToRegistry registry https://registry.npmjs.org/
12 silly mapToRegistry uri https://registry.npmjs.org/mysql
13 verbose request uri https://registry.npmjs.org/mysql
14 verbose request no auth needed
15 info attempt registry request try #1 at 10:40:57 AM
16 verbose request id 901004aacc795e72
17 http request GET https://registry.npmjs.org/mysql
18 http 200 https://registry.npmjs.org/mysql
19 verbose headers { date: 'Tue, 04 Aug 2020 10:40:57 GMT',
19 verbose headers   'content-type': 'application/json',
19 verbose headers   'transfer-encoding': 'chunked',
19 verbose headers   connection: 'keep-alive',
19 verbose headers   'set-cookie':
19 verbose headers    [ '__cfduid=d054be3e7d59ad9bcc7914ccc098509441596537657; expires=Thu, 03-Sep-20 10:40:57 GMT; path=/; domain=.npmjs.org; HttpOnly; SameSite=Lax' ],
19 verbose headers   'cf-ray': '5bd7a9c5afb4e9f8-ICN',
19 verbose headers   age: '1901',
19 verbose headers   'cache-control': 'public, max-age=300',
19 verbose headers   etag: 'W/"0e1ca45733a86e1c2484e6a3ce9e6faf"',
19 verbose headers   'last-modified': 'Thu, 23 Jan 2020 18:09:23 GMT',
19 verbose headers   vary: 'accept-encoding, accept',
19 verbose headers   'cf-cache-status': 'HIT',
19 verbose headers   'cf-request-id': '045aa86f860000e9f88e11f200000001',
19 verbose headers   'expect-ct': 'max-age=604800, report-uri="https://report-uri.cloudflare.com/cdn-cgi/beacon/expect-ct"',
19 verbose headers   server: 'cloudflare',
19 verbose headers   'content-encoding': 'gzip' }
20 silly get cb [ 200,
20 silly get   { date: 'Tue, 04 Aug 2020 10:40:57 GMT',
20 silly get     'content-type': 'application/json',
20 silly get     'transfer-encoding': 'chunked',
20 silly get     connection: 'keep-alive',
20 silly get     'set-cookie':
20 silly get      [ '__cfduid=d054be3e7d59ad9bcc7914ccc098509441596537657; expires=Thu, 03-Sep-20 10:40:57 GMT; path=/; domain=.npmjs.org; HttpOnly; SameSite=Lax' ],
20 silly get     'cf-ray': '5bd7a9c5afb4e9f8-ICN',
20 silly get     age: '1901',
20 silly get     'cache-control': 'public, max-age=300',
20 silly get     etag: 'W/"0e1ca45733a86e1c2484e6a3ce9e6faf"',
20 silly get     'last-modified': 'Thu, 23 Jan 2020 18:09:23 GMT',
20 silly get     vary: 'accept-encoding, accept',
20 silly get     'cf-cache-status': 'HIT',
20 silly get     'cf-request-id': '045aa86f860000e9f88e11f200000001',
20 silly get     'expect-ct': 'max-age=604800, report-uri="https://report-uri.cloudflare.com/cdn-cgi/beacon/expect-ct"',
20 silly get     server: 'cloudflare',
20 silly get     'content-encoding': 'gzip' } ]
21 verbose get saving mysql to /home/ubuntu/.npm/registry.npmjs.org/mysql/.cache.json
22 silly install normalizeTree
23 silly loadCurrentTree Finishing
24 silly loadIdealTree Starting
25 silly install loadIdealTree
26 silly cloneCurrentTree Starting
27 silly install cloneCurrentTreeToIdealTree
28 silly cloneCurrentTree Finishing
29 silly loadShrinkwrap Starting
30 silly install loadShrinkwrap
31 silly loadShrinkwrap Finishing
32 silly loadAllDepsIntoIdealTree Starting
33 silly install loadAllDepsIntoIdealTree
34 silly resolveWithNewModule mysql@2.18.1 checking installable status
35 silly cache add args [ 'mysql@^2.8.0', null ]
36 verbose cache add spec mysql@^2.8.0
37 silly cache add parsed spec Result {
37 silly cache add   raw: 'mysql@^2.8.0',
37 silly cache add   scope: null,
37 silly cache add   name: 'mysql',
37 silly cache add   rawSpec: '^2.8.0',
37 silly cache add   spec: '>=2.8.0 <3.0.0',
37 silly cache add   type: 'range' }
38 silly addNamed mysql@>=2.8.0 <3.0.0
39 verbose addNamed ">=2.8.0 <3.0.0" is a valid semver range for mysql
40 silly addNameRange { name: 'mysql', range: '>=2.8.0 <3.0.0', hasData: false }
41 silly mapToRegistry name mysql
42 silly mapToRegistry using default registry
43 silly mapToRegistry registry https://registry.npmjs.org/
44 silly mapToRegistry uri https://registry.npmjs.org/mysql
45 verbose addNameRange registry:https://registry.npmjs.org/mysql not in flight; fetching
46 verbose get https://registry.npmjs.org/mysql not expired, no request
47 silly addNameRange number 2 { name: 'mysql', range: '>=2.8.0 <3.0.0', hasData: true }
48 silly addNameRange versions [ 'mysql',
48 silly addNameRange   [ '0.1.0',
48 silly addNameRange     '0.2.0',
48 silly addNameRange     '0.3.0',
48 silly addNameRange     '0.4.0',
48 silly addNameRange     '0.5.0',
48 silly addNameRange     '0.6.0',
48 silly addNameRange     '0.7.0',
48 silly addNameRange     '0.8.0',
48 silly addNameRange     '0.9.0',
48 silly addNameRange     '0.9.1',
48 silly addNameRange     '0.9.2',
48 silly addNameRange     '0.9.3',
48 silly addNameRange     '0.9.4',
48 silly addNameRange     '0.9.5',
48 silly addNameRange     '0.9.6',
48 silly addNameRange     '2.0.0-alpha',
48 silly addNameRange     '2.0.0-alpha2',
48 silly addNameRange     '2.0.0-alpha3',
48 silly addNameRange     '2.0.0-alpha4',
48 silly addNameRange     '2.0.0-alpha5',
48 silly addNameRange     '2.0.0-alpha6',
48 silly addNameRange     '2.0.0-alpha7',
48 silly addNameRange     '2.0.0-alpha8',
48 silly addNameRange     '2.0.0-alpha9',
48 silly addNameRange     '2.0.0-rc1',
48 silly addNameRange     '2.0.0-rc2',
48 silly addNameRange     '2.0.0',
48 silly addNameRange     '2.0.1',
48 silly addNameRange     '2.1.0',
48 silly addNameRange     '2.1.1',
48 silly addNameRange     '2.2.0',
48 silly addNameRange     '2.3.0',
48 silly addNameRange     '2.3.1',
48 silly addNameRange     '2.3.2',
48 silly addNameRange     '2.4.0',
48 silly addNameRange     '2.4.1',
48 silly addNameRange     '2.4.2',
48 silly addNameRange     '2.4.3',
48 silly addNameRange     '2.5.0',
48 silly addNameRange     '2.5.1',
48 silly addNameRange     '2.5.2',
48 silly addNameRange     '2.5.3',
48 silly addNameRange     '2.5.4',
48 silly addNameRange     '2.5.5',
48 silly addNameRange     '2.6.0',
48 silly addNameRange     '2.6.1',
48 silly addNameRange     '2.6.2',
48 silly addNameRange     '2.7.0',
48 silly addNameRange     '2.8.0',
48 silly addNameRange     '2.9.0',
48 silly addNameRange     '2.10.0',
48 silly addNameRange     '2.10.1',
48 silly addNameRange     '2.10.2',
48 silly addNameRange     '2.11.0',
48 silly addNameRange     '2.11.1',
48 silly addNameRange     '2.12.0',
48 silly addNameRange     '2.13.0',
48 silly addNameRange     '2.14.0',
48 silly addNameRange     '2.14.1',
48 silly addNameRange     '2.15.0',
48 silly addNameRange     '2.16.0',
48 silly addNameRange     '2.17.0',
48 silly addNameRange     '2.17.1',
48 silly addNameRange     '2.18.0',
48 silly addNameRange     '2.18.1' ] ]
49 silly addNamed mysql@2.18.1
50 verbose addNamed "2.18.1" is a plain semver version for mysql
51 silly mapToRegistry name mysql
52 silly mapToRegistry using default registry
53 silly mapToRegistry registry https://registry.npmjs.org/
54 silly mapToRegistry uri https://registry.npmjs.org/mysql
55 verbose addRemoteTarball https://registry.npmjs.org/mysql/-/mysql-2.18.1.tgz not in flight; adding
56 verbose addRemoteTarball [ 'https://registry.npmjs.org/mysql/-/mysql-2.18.1.tgz',
56 verbose addRemoteTarball   '2254143855c5a8c73825e4522baf2ea021766717' ]
57 info retry fetch attempt 1 at 10:40:57 AM
58 info attempt registry request try #1 at 10:40:57 AM
59 http fetch GET https://registry.npmjs.org/mysql/-/mysql-2.18.1.tgz
60 http fetch 200 https://registry.npmjs.org/mysql/-/mysql-2.18.1.tgz
61 silly fetchAndShaCheck shasum 2254143855c5a8c73825e4522baf2ea021766717
62 verbose addTmpTarball /tmp/npm-21365-4e3b282b/registry.npmjs.org/mysql/-/mysql-2.18.1.tgz not in flight; adding
63 verbose addTmpTarball already have metadata; skipping unpack for mysql@2.18.1
64 silly cache afterAdd mysql@2.18.1
65 verbose afterAdd /home/ubuntu/.npm/mysql/2.18.1/package/package.json not in flight; writing
66 verbose afterAdd /home/ubuntu/.npm/mysql/2.18.1/package/package.json written
67 silly fetchNamedPackageData bignumber.js
68 silly mapToRegistry name bignumber.js
69 silly mapToRegistry using default registry
70 silly mapToRegistry registry https://registry.npmjs.org/
71 silly mapToRegistry uri https://registry.npmjs.org/bignumber.js
72 silly fetchNamedPackageData readable-stream
73 silly mapToRegistry name readable-stream
74 silly mapToRegistry using default registry
75 silly mapToRegistry registry https://registry.npmjs.org/
76 silly mapToRegistry uri https://registry.npmjs.org/readable-stream
77 silly fetchNamedPackageData sqlstring
78 silly mapToRegistry name sqlstring
79 silly mapToRegistry using default registry
80 silly mapToRegistry registry https://registry.npmjs.org/
81 silly mapToRegistry uri https://registry.npmjs.org/sqlstring
82 verbose request uri https://registry.npmjs.org/bignumber.js
83 verbose request no auth needed
84 info attempt registry request try #1 at 10:40:57 AM
85 http request GET https://registry.npmjs.org/bignumber.js
86 verbose request uri https://registry.npmjs.org/sqlstring
87 verbose request no auth needed
88 info attempt registry request try #1 at 10:40:57 AM
89 http request GET https://registry.npmjs.org/sqlstring
90 verbose request uri https://registry.npmjs.org/readable-stream
91 verbose request no auth needed
92 info attempt registry request try #1 at 10:40:57 AM
93 verbose etag W/"cd4a066a34bf22a921492b57a292e033"
94 verbose lastModified Thu, 13 Feb 2020 19:42:09 GMT
95 http request GET https://registry.npmjs.org/readable-stream
96 http 200 https://registry.npmjs.org/sqlstring
97 verbose headers { date: 'Tue, 04 Aug 2020 10:40:57 GMT',
97 verbose headers   'content-type': 'application/json',
97 verbose headers   'transfer-encoding': 'chunked',
97 verbose headers   connection: 'keep-alive',
97 verbose headers   'set-cookie':
97 verbose headers    [ '__cfduid=d97fa1881e6c9f2f831db40019f6ef9771596537657; expires=Thu, 03-Sep-20 10:40:57 GMT; path=/; domain=.npmjs.org; HttpOnly; SameSite=Lax' ],
97 verbose headers   'cf-ray': '5bd7a9c6dd6a00d3-ICN',
97 verbose headers   age: '5799',
97 verbose headers   'cache-control': 'public, max-age=300',
97 verbose headers   etag: 'W/"11a496599c255b51c34eedc585373eb2"',
97 verbose headers   'last-modified': 'Thu, 16 Apr 2020 02:25:47 GMT',
97 verbose headers   vary: 'accept-encoding, accept',
97 verbose headers   'cf-cache-status': 'HIT',
97 verbose headers   'cf-request-id': '045aa8704a000000d32ca4e200000001',
97 verbose headers   'expect-ct': 'max-age=604800, report-uri="https://report-uri.cloudflare.com/cdn-cgi/beacon/expect-ct"',
97 verbose headers   server: 'cloudflare',
97 verbose headers   'content-encoding': 'gzip' }
98 silly get cb [ 200,
98 silly get   { date: 'Tue, 04 Aug 2020 10:40:57 GMT',
98 silly get     'content-type': 'application/json',
98 silly get     'transfer-encoding': 'chunked',
98 silly get     connection: 'keep-alive',
98 silly get     'set-cookie':
98 silly get      [ '__cfduid=d97fa1881e6c9f2f831db40019f6ef9771596537657; expires=Thu, 03-Sep-20 10:40:57 GMT; path=/; domain=.npmjs.org; HttpOnly; SameSite=Lax' ],
98 silly get     'cf-ray': '5bd7a9c6dd6a00d3-ICN',
98 silly get     age: '5799',
98 silly get     'cache-control': 'public, max-age=300',
98 silly get     etag: 'W/"11a496599c255b51c34eedc585373eb2"',
98 silly get     'last-modified': 'Thu, 16 Apr 2020 02:25:47 GMT',
98 silly get     vary: 'accept-encoding, accept',
98 silly get     'cf-cache-status': 'HIT',
98 silly get     'cf-request-id': '045aa8704a000000d32ca4e200000001',
98 silly get     'expect-ct': 'max-age=604800, report-uri="https://report-uri.cloudflare.com/cdn-cgi/beacon/expect-ct"',
98 silly get     server: 'cloudflare',
98 silly get     'content-encoding': 'gzip' } ]
99 verbose get saving sqlstring to /home/ubuntu/.npm/registry.npmjs.org/sqlstring/.cache.json
100 http 304 https://registry.npmjs.org/readable-stream
101 verbose headers { date: 'Tue, 04 Aug 2020 10:40:57 GMT',
101 verbose headers   connection: 'keep-alive',
101 verbose headers   'set-cookie':
101 verbose headers    [ '__cfduid=d57b2c455900d63ea5c5332bb6f5904d11596537657; expires=Thu, 03-Sep-20 10:40:57 GMT; path=/; domain=.npmjs.org; HttpOnly; SameSite=Lax' ],
101 verbose headers   'cf-ray': '5bd7a9c6eba912ea-ICN',
101 verbose headers   age: '3416',
101 verbose headers   'cache-control': 'public, max-age=300',
101 verbose headers   etag: '"cd4a066a34bf22a921492b57a292e033"',
101 verbose headers   'last-modified': 'Thu, 13 Feb 2020 19:42:09 GMT',
101 verbose headers   vary: 'Accept-Encoding',
101 verbose headers   'cf-cache-status': 'HIT',
101 verbose headers   'cf-request-id': '045aa8704f000012ea0290c200000001',
101 verbose headers   'expect-ct': 'max-age=604800, report-uri="https://report-uri.cloudflare.com/cdn-cgi/beacon/expect-ct"',
101 verbose headers   server: 'cloudflare' }
102 silly get cb [ 304,
102 silly get   { date: 'Tue, 04 Aug 2020 10:40:57 GMT',
102 silly get     connection: 'keep-alive',
102 silly get     'set-cookie':
102 silly get      [ '__cfduid=d57b2c455900d63ea5c5332bb6f5904d11596537657; expires=Thu, 03-Sep-20 10:40:57 GMT; path=/; domain=.npmjs.org; HttpOnly; SameSite=Lax' ],
102 silly get     'cf-ray': '5bd7a9c6eba912ea-ICN',
102 silly get     age: '3416',
102 silly get     'cache-control': 'public, max-age=300',
102 silly get     etag: '"cd4a066a34bf22a921492b57a292e033"',
102 silly get     'last-modified': 'Thu, 13 Feb 2020 19:42:09 GMT',
102 silly get     vary: 'Accept-Encoding',
102 silly get     'cf-cache-status': 'HIT',
102 silly get     'cf-request-id': '045aa8704f000012ea0290c200000001',
102 silly get     'expect-ct': 'max-age=604800, report-uri="https://report-uri.cloudflare.com/cdn-cgi/beacon/expect-ct"',
102 silly get     server: 'cloudflare' } ]
103 verbose etag https://registry.npmjs.org/readable-stream from cache
104 verbose get saving readable-stream to /home/ubuntu/.npm/registry.npmjs.org/readable-stream/.cache.json
105 http 200 https://registry.npmjs.org/bignumber.js
106 verbose headers { date: 'Tue, 04 Aug 2020 10:40:57 GMT',
106 verbose headers   'content-type': 'application/json',
106 verbose headers   'transfer-encoding': 'chunked',
106 verbose headers   connection: 'keep-alive',
106 verbose headers   'set-cookie':
106 verbose headers    [ '__cfduid=d054be3e7d59ad9bcc7914ccc098509441596537657; expires=Thu, 03-Sep-20 10:40:57 GMT; path=/; domain=.npmjs.org; HttpOnly; SameSite=Lax' ],
106 verbose headers   'cf-ray': '5bd7a9c6ca16e9f8-ICN',
106 verbose headers   age: '1587',
106 verbose headers   'cache-control': 'public, max-age=300',
106 verbose headers   etag: 'W/"60b548d3528919c7673bcfa1bccbd082"',
106 verbose headers   'last-modified': 'Fri, 06 Sep 2019 18:08:52 GMT',
106 verbose headers   vary: 'accept-encoding, accept',
106 verbose headers   'cf-cache-status': 'HIT',
106 verbose headers   'cf-request-id': '045aa8703e0000e9f88e12c200000001',
106 verbose headers   'expect-ct': 'max-age=604800, report-uri="https://report-uri.cloudflare.com/cdn-cgi/beacon/expect-ct"',
106 verbose headers   server: 'cloudflare',
106 verbose headers   'content-encoding': 'gzip' }
107 silly get cb [ 200,
107 silly get   { date: 'Tue, 04 Aug 2020 10:40:57 GMT',
107 silly get     'content-type': 'application/json',
107 silly get     'transfer-encoding': 'chunked',
107 silly get     connection: 'keep-alive',
107 silly get     'set-cookie':
107 silly get      [ '__cfduid=d054be3e7d59ad9bcc7914ccc098509441596537657; expires=Thu, 03-Sep-20 10:40:57 GMT; path=/; domain=.npmjs.org; HttpOnly; SameSite=Lax' ],
107 silly get     'cf-ray': '5bd7a9c6ca16e9f8-ICN',
107 silly get     age: '1587',
107 silly get     'cache-control': 'public, max-age=300',
107 silly get     etag: 'W/"60b548d3528919c7673bcfa1bccbd082"',
107 silly get     'last-modified': 'Fri, 06 Sep 2019 18:08:52 GMT',
107 silly get     vary: 'accept-encoding, accept',
107 silly get     'cf-cache-status': 'HIT',
107 silly get     'cf-request-id': '045aa8703e0000e9f88e12c200000001',
107 silly get     'expect-ct': 'max-age=604800, report-uri="https://report-uri.cloudflare.com/cdn-cgi/beacon/expect-ct"',
107 silly get     server: 'cloudflare',
107 silly get     'content-encoding': 'gzip' } ]
108 verbose get saving bignumber.js to /home/ubuntu/.npm/registry.npmjs.org/bignumber.js/.cache.json
109 silly resolveWithNewModule sqlstring@2.3.1 checking installable status
110 silly cache add args [ 'sqlstring@2.3.1', null ]
111 verbose cache add spec sqlstring@2.3.1
112 silly cache add parsed spec Result {
112 silly cache add   raw: 'sqlstring@2.3.1',
112 silly cache add   scope: null,
112 silly cache add   name: 'sqlstring',
112 silly cache add   rawSpec: '2.3.1',
112 silly cache add   spec: '2.3.1',
112 silly cache add   type: 'version' }
113 silly addNamed sqlstring@2.3.1
114 verbose addNamed "2.3.1" is a plain semver version for sqlstring
115 silly mapToRegistry name sqlstring
116 silly mapToRegistry using default registry
117 silly mapToRegistry registry https://registry.npmjs.org/
118 silly mapToRegistry uri https://registry.npmjs.org/sqlstring
119 verbose addNameVersion registry:https://registry.npmjs.org/sqlstring not in flight; fetching
120 silly resolveWithNewModule bignumber.js@9.0.0 checking installable status
121 silly cache add args [ 'bignumber.js@9.0.0', null ]
122 verbose cache add spec bignumber.js@9.0.0
123 silly cache add parsed spec Result {
123 silly cache add   raw: 'bignumber.js@9.0.0',
123 silly cache add   scope: null,
123 silly cache add   name: 'bignumber.js',
123 silly cache add   rawSpec: '9.0.0',
123 silly cache add   spec: '9.0.0',
123 silly cache add   type: 'version' }
124 silly addNamed bignumber.js@9.0.0
125 verbose addNamed "9.0.0" is a plain semver version for bignumber.js
126 silly mapToRegistry name bignumber.js
127 silly mapToRegistry using default registry
128 silly mapToRegistry registry https://registry.npmjs.org/
129 silly mapToRegistry uri https://registry.npmjs.org/bignumber.js
130 verbose addNameVersion registry:https://registry.npmjs.org/bignumber.js not in flight; fetching
131 verbose get https://registry.npmjs.org/sqlstring not expired, no request
132 silly resolveWithNewModule readable-stream@2.3.7 checking installable status
133 silly cache add args [ 'readable-stream@2.3.7', null ]
134 verbose cache add spec readable-stream@2.3.7
135 silly cache add parsed spec Result {
135 silly cache add   raw: 'readable-stream@2.3.7',
135 silly cache add   scope: null,
135 silly cache add   name: 'readable-stream',
135 silly cache add   rawSpec: '2.3.7',
135 silly cache add   spec: '2.3.7',
135 silly cache add   type: 'version' }
136 silly addNamed readable-stream@2.3.7
137 verbose addNamed "2.3.7" is a plain semver version for readable-stream
138 silly mapToRegistry name readable-stream
139 silly mapToRegistry using default registry
140 silly mapToRegistry registry https://registry.npmjs.org/
141 silly mapToRegistry uri https://registry.npmjs.org/readable-stream
142 verbose addNameVersion registry:https://registry.npmjs.org/readable-stream not in flight; fetching
143 silly mapToRegistry name sqlstring
144 silly mapToRegistry using default registry
145 silly mapToRegistry registry https://registry.npmjs.org/
146 silly mapToRegistry uri https://registry.npmjs.org/sqlstring
147 verbose addRemoteTarball https://registry.npmjs.org/sqlstring/-/sqlstring-2.3.1.tgz not in flight; adding
148 verbose addRemoteTarball [ 'https://registry.npmjs.org/sqlstring/-/sqlstring-2.3.1.tgz',
148 verbose addRemoteTarball   '475393ff9e91479aea62dcaf0ca3d14983a7fb40' ]
149 verbose get https://registry.npmjs.org/bignumber.js not expired, no request
150 info retry fetch attempt 1 at 10:40:57 AM
151 info attempt registry request try #1 at 10:40:57 AM
152 http fetch GET https://registry.npmjs.org/sqlstring/-/sqlstring-2.3.1.tgz
153 silly mapToRegistry name bignumber.js
154 silly mapToRegistry using default registry
155 silly mapToRegistry registry https://registry.npmjs.org/
156 silly mapToRegistry uri https://registry.npmjs.org/bignumber.js
157 verbose addRemoteTarball https://registry.npmjs.org/bignumber.js/-/bignumber.js-9.0.0.tgz not in flight; adding
158 verbose addRemoteTarball [ 'https://registry.npmjs.org/bignumber.js/-/bignumber.js-9.0.0.tgz',
158 verbose addRemoteTarball   '805880f84a329b5eac6e7cb6f8274b6d82bdf075' ]
159 verbose get https://registry.npmjs.org/readable-stream not expired, no request
160 info retry fetch attempt 1 at 10:40:57 AM
161 info attempt registry request try #1 at 10:40:57 AM
162 http fetch GET https://registry.npmjs.org/bignumber.js/-/bignumber.js-9.0.0.tgz
163 silly cache afterAdd readable-stream@2.3.7
164 verbose afterAdd /home/ubuntu/.npm/readable-stream/2.3.7/package/package.json not in flight; writing
165 verbose afterAdd /home/ubuntu/.npm/readable-stream/2.3.7/package/package.json written
166 http fetch 200 https://registry.npmjs.org/bignumber.js/-/bignumber.js-9.0.0.tgz
167 http fetch 200 https://registry.npmjs.org/sqlstring/-/sqlstring-2.3.1.tgz
168 silly fetchAndShaCheck shasum 475393ff9e91479aea62dcaf0ca3d14983a7fb40
169 verbose addTmpTarball /tmp/npm-21365-4e3b282b/registry.npmjs.org/sqlstring/-/sqlstring-2.3.1.tgz not in flight; adding
170 verbose addTmpTarball already have metadata; skipping unpack for sqlstring@2.3.1
171 silly cache afterAdd sqlstring@2.3.1
172 verbose afterAdd /home/ubuntu/.npm/sqlstring/2.3.1/package/package.json not in flight; writing
173 verbose afterAdd /home/ubuntu/.npm/sqlstring/2.3.1/package/package.json written
174 silly fetchAndShaCheck shasum 805880f84a329b5eac6e7cb6f8274b6d82bdf075
175 verbose addTmpTarball /tmp/npm-21365-4e3b282b/registry.npmjs.org/bignumber.js/-/bignumber.js-9.0.0.tgz not in flight; adding
176 verbose addTmpTarball already have metadata; skipping unpack for bignumber.js@9.0.0
177 silly cache afterAdd bignumber.js@9.0.0
178 verbose afterAdd /home/ubuntu/.npm/bignumber.js/9.0.0/package/package.json not in flight; writing
179 verbose afterAdd /home/ubuntu/.npm/bignumber.js/9.0.0/package/package.json written
180 silly fetchNamedPackageData core-util-is
181 silly mapToRegistry name core-util-is
182 silly mapToRegistry using default registry
183 silly mapToRegistry registry https://registry.npmjs.org/
184 silly mapToRegistry uri https://registry.npmjs.org/core-util-is
185 silly fetchNamedPackageData isarray
186 silly mapToRegistry name isarray
187 silly mapToRegistry using default registry
188 silly mapToRegistry registry https://registry.npmjs.org/
189 silly mapToRegistry uri https://registry.npmjs.org/isarray
190 silly fetchNamedPackageData process-nextick-args
191 silly mapToRegistry name process-nextick-args
192 silly mapToRegistry using default registry
193 silly mapToRegistry registry https://registry.npmjs.org/
194 silly mapToRegistry uri https://registry.npmjs.org/process-nextick-args
195 silly fetchNamedPackageData string_decoder
196 silly mapToRegistry name string_decoder
197 silly mapToRegistry using default registry
198 silly mapToRegistry registry https://registry.npmjs.org/
199 silly mapToRegistry uri https://registry.npmjs.org/string_decoder
200 silly fetchNamedPackageData util-deprecate
201 silly mapToRegistry name util-deprecate
202 silly mapToRegistry using default registry
203 silly mapToRegistry registry https://registry.npmjs.org/
204 silly mapToRegistry uri https://registry.npmjs.org/util-deprecate
205 verbose request uri https://registry.npmjs.org/core-util-is
206 verbose request no auth needed
207 info attempt registry request try #1 at 10:40:57 AM
208 verbose etag W/"8076d16a76bac5764f6fda9911b2b501"
209 verbose lastModified Sat, 26 May 2018 21:08:01 GMT
210 http request GET https://registry.npmjs.org/core-util-is
211 verbose request uri https://registry.npmjs.org/isarray
212 verbose request no auth needed
213 info attempt registry request try #1 at 10:40:57 AM
214 verbose etag W/"f8d13869b081e2301428e8269cb470a1"
215 verbose lastModified Mon, 08 Jul 2019 13:21:26 GMT
216 http request GET https://registry.npmjs.org/isarray
217 verbose request uri https://registry.npmjs.org/process-nextick-args
218 verbose request no auth needed
219 info attempt registry request try #1 at 10:40:57 AM
220 verbose etag W/"58d0a4cf2900b1705718975f98323cbd"
221 verbose lastModified Wed, 19 Jun 2019 20:34:45 GMT
222 http request GET https://registry.npmjs.org/process-nextick-args
223 verbose request uri https://registry.npmjs.org/string_decoder
224 verbose request no auth needed
225 info attempt registry request try #1 at 10:40:57 AM
226 verbose etag W/"0a93d953e853f8bf50ba2c73d36557a6"
227 verbose lastModified Wed, 07 Aug 2019 09:20:40 GMT
228 http request GET https://registry.npmjs.org/string_decoder
229 verbose request uri https://registry.npmjs.org/util-deprecate
230 verbose request no auth needed
231 info attempt registry request try #1 at 10:40:57 AM
232 verbose etag W/"d116b09e4cac1e1e657ea3ce533e5631"
233 verbose lastModified Sun, 27 May 2018 20:38:18 GMT
234 http request GET https://registry.npmjs.org/util-deprecate
235 http 304 https://registry.npmjs.org/core-util-is
236 verbose headers { date: 'Tue, 04 Aug 2020 10:40:57 GMT',
236 verbose headers   connection: 'keep-alive',
236 verbose headers   'set-cookie':
236 verbose headers    [ '__cfduid=d57b2c455900d63ea5c5332bb6f5904d11596537657; expires=Thu, 03-Sep-20 10:40:57 GMT; path=/; domain=.npmjs.org; HttpOnly; SameSite=Lax' ],
236 verbose headers   'cf-ray': '5bd7a9c79d4712ea-ICN',
236 verbose headers   age: '4056',
236 verbose headers   'cache-control': 'public, max-age=300',
236 verbose headers   etag: '"8076d16a76bac5764f6fda9911b2b501"',
236 verbose headers   'last-modified': 'Sat, 26 May 2018 21:08:01 GMT',
236 verbose headers   vary: 'Accept-Encoding',
236 verbose headers   'cf-cache-status': 'HIT',
236 verbose headers   'cf-request-id': '045aa870ba000012ea02912200000001',
236 verbose headers   'expect-ct': 'max-age=604800, report-uri="https://report-uri.cloudflare.com/cdn-cgi/beacon/expect-ct"',
236 verbose headers   server: 'cloudflare' }
237 silly get cb [ 304,
237 silly get   { date: 'Tue, 04 Aug 2020 10:40:57 GMT',
237 silly get     connection: 'keep-alive',
237 silly get     'set-cookie':
237 silly get      [ '__cfduid=d57b2c455900d63ea5c5332bb6f5904d11596537657; expires=Thu, 03-Sep-20 10:40:57 GMT; path=/; domain=.npmjs.org; HttpOnly; SameSite=Lax' ],
237 silly get     'cf-ray': '5bd7a9c79d4712ea-ICN',
237 silly get     age: '4056',
237 silly get     'cache-control': 'public, max-age=300',
237 silly get     etag: '"8076d16a76bac5764f6fda9911b2b501"',
237 silly get     'last-modified': 'Sat, 26 May 2018 21:08:01 GMT',
237 silly get     vary: 'Accept-Encoding',
237 silly get     'cf-cache-status': 'HIT',
237 silly get     'cf-request-id': '045aa870ba000012ea02912200000001',
237 silly get     'expect-ct': 'max-age=604800, report-uri="https://report-uri.cloudflare.com/cdn-cgi/beacon/expect-ct"',
237 silly get     server: 'cloudflare' } ]
238 verbose etag https://registry.npmjs.org/core-util-is from cache
239 verbose get saving core-util-is to /home/ubuntu/.npm/registry.npmjs.org/core-util-is/.cache.json
240 silly resolveWithNewModule core-util-is@1.0.2 checking installable status
241 silly cache add args [ 'core-util-is@~1.0.0', null ]
242 verbose cache add spec core-util-is@~1.0.0
243 silly cache add parsed spec Result {
243 silly cache add   raw: 'core-util-is@~1.0.0',
243 silly cache add   scope: null,
243 silly cache add   name: 'core-util-is',
243 silly cache add   rawSpec: '~1.0.0',
243 silly cache add   spec: '>=1.0.0 <1.1.0',
243 silly cache add   type: 'range' }
244 silly addNamed core-util-is@>=1.0.0 <1.1.0
245 verbose addNamed ">=1.0.0 <1.1.0" is a valid semver range for core-util-is
246 silly addNameRange { name: 'core-util-is', range: '>=1.0.0 <1.1.0', hasData: false }
247 silly mapToRegistry name core-util-is
248 silly mapToRegistry using default registry
249 silly mapToRegistry registry https://registry.npmjs.org/
250 silly mapToRegistry uri https://registry.npmjs.org/core-util-is
251 verbose addNameRange registry:https://registry.npmjs.org/core-util-is not in flight; fetching
252 http 304 https://registry.npmjs.org/process-nextick-args
253 verbose headers { date: 'Tue, 04 Aug 2020 10:40:57 GMT',
253 verbose headers   connection: 'keep-alive',
253 verbose headers   'set-cookie':
253 verbose headers    [ '__cfduid=d97fa1881e6c9f2f831db40019f6ef9771596537657; expires=Thu, 03-Sep-20 10:40:57 GMT; path=/; domain=.npmjs.org; HttpOnly; SameSite=Lax' ],
253 verbose headers   'cf-ray': '5bd7a9c79eca00d3-ICN',
253 verbose headers   age: '3782',
253 verbose headers   'cache-control': 'public, max-age=300',
253 verbose headers   etag: '"58d0a4cf2900b1705718975f98323cbd"',
253 verbose headers   'last-modified': 'Wed, 19 Jun 2019 20:34:45 GMT',
253 verbose headers   vary: 'Accept-Encoding',
253 verbose headers   'cf-cache-status': 'HIT',
253 verbose headers   'cf-request-id': '045aa870ba000000d32ca51200000001',
253 verbose headers   'expect-ct': 'max-age=604800, report-uri="https://report-uri.cloudflare.com/cdn-cgi/beacon/expect-ct"',
253 verbose headers   server: 'cloudflare' }
254 silly get cb [ 304,
254 silly get   { date: 'Tue, 04 Aug 2020 10:40:57 GMT',
254 silly get     connection: 'keep-alive',
254 silly get     'set-cookie':
254 silly get      [ '__cfduid=d97fa1881e6c9f2f831db40019f6ef9771596537657; expires=Thu, 03-Sep-20 10:40:57 GMT; path=/; domain=.npmjs.org; HttpOnly; SameSite=Lax' ],
254 silly get     'cf-ray': '5bd7a9c79eca00d3-ICN',
254 silly get     age: '3782',
254 silly get     'cache-control': 'public, max-age=300',
254 silly get     etag: '"58d0a4cf2900b1705718975f98323cbd"',
254 silly get     'last-modified': 'Wed, 19 Jun 2019 20:34:45 GMT',
254 silly get     vary: 'Accept-Encoding',
254 silly get     'cf-cache-status': 'HIT',
254 silly get     'cf-request-id': '045aa870ba000000d32ca51200000001',
254 silly get     'expect-ct': 'max-age=604800, report-uri="https://report-uri.cloudflare.com/cdn-cgi/beacon/expect-ct"',
254 silly get     server: 'cloudflare' } ]
255 verbose etag https://registry.npmjs.org/process-nextick-args from cache
256 verbose get saving process-nextick-args to /home/ubuntu/.npm/registry.npmjs.org/process-nextick-args/.cache.json
257 http 304 https://registry.npmjs.org/isarray
258 verbose headers { date: 'Tue, 04 Aug 2020 10:40:57 GMT',
258 verbose headers   connection: 'keep-alive',
258 verbose headers   'set-cookie':
258 verbose headers    [ '__cfduid=d054be3e7d59ad9bcc7914ccc098509441596537657; expires=Thu, 03-Sep-20 10:40:57 GMT; path=/; domain=.npmjs.org; HttpOnly; SameSite=Lax' ],
258 verbose headers   'cf-ray': '5bd7a9c78ba6e9f8-ICN',
258 verbose headers   age: '3393',
258 verbose headers   'cache-control': 'public, max-age=300',
258 verbose headers   etag: '"f8d13869b081e2301428e8269cb470a1"',
258 verbose headers   'last-modified': 'Mon, 08 Jul 2019 13:21:26 GMT',
258 verbose headers   vary: 'Accept-Encoding',
258 verbose headers   'cf-cache-status': 'HIT',
258 verbose headers   'cf-request-id': '045aa870b90000e9f88e149200000001',
258 verbose headers   'expect-ct': 'max-age=604800, report-uri="https://report-uri.cloudflare.com/cdn-cgi/beacon/expect-ct"',
258 verbose headers   server: 'cloudflare' }
259 silly get cb [ 304,
259 silly get   { date: 'Tue, 04 Aug 2020 10:40:57 GMT',
259 silly get     connection: 'keep-alive',
259 silly get     'set-cookie':
259 silly get      [ '__cfduid=d054be3e7d59ad9bcc7914ccc098509441596537657; expires=Thu, 03-Sep-20 10:40:57 GMT; path=/; domain=.npmjs.org; HttpOnly; SameSite=Lax' ],
259 silly get     'cf-ray': '5bd7a9c78ba6e9f8-ICN',
259 silly get     age: '3393',
259 silly get     'cache-control': 'public, max-age=300',
259 silly get     etag: '"f8d13869b081e2301428e8269cb470a1"',
259 silly get     'last-modified': 'Mon, 08 Jul 2019 13:21:26 GMT',
259 silly get     vary: 'Accept-Encoding',
259 silly get     'cf-cache-status': 'HIT',
259 silly get     'cf-request-id': '045aa870b90000e9f88e149200000001',
259 silly get     'expect-ct': 'max-age=604800, report-uri="https://report-uri.cloudflare.com/cdn-cgi/beacon/expect-ct"',
259 silly get     server: 'cloudflare' } ]
260 verbose etag https://registry.npmjs.org/isarray from cache
261 verbose get saving isarray to /home/ubuntu/.npm/registry.npmjs.org/isarray/.cache.json
262 verbose get https://registry.npmjs.org/core-util-is not expired, no request
263 silly addNameRange number 2 { name: 'core-util-is', range: '>=1.0.0 <1.1.0', hasData: true }
264 silly addNameRange versions [ 'core-util-is', [ '1.0.0', '1.0.1', '1.0.2' ] ]
265 silly addNamed core-util-is@1.0.2
266 verbose addNamed "1.0.2" is a plain semver version for core-util-is
267 silly resolveWithNewModule process-nextick-args@2.0.1 checking installable status
268 silly cache add args [ 'process-nextick-args@~2.0.0', null ]
269 verbose cache add spec process-nextick-args@~2.0.0
270 silly cache add parsed spec Result {
270 silly cache add   raw: 'process-nextick-args@~2.0.0',
270 silly cache add   scope: null,
270 silly cache add   name: 'process-nextick-args',
270 silly cache add   rawSpec: '~2.0.0',
270 silly cache add   spec: '>=2.0.0 <2.1.0',
270 silly cache add   type: 'range' }
271 silly addNamed process-nextick-args@>=2.0.0 <2.1.0
272 verbose addNamed ">=2.0.0 <2.1.0" is a valid semver range for process-nextick-args
273 silly addNameRange { name: 'process-nextick-args',
273 silly addNameRange   range: '>=2.0.0 <2.1.0',
273 silly addNameRange   hasData: false }
274 silly mapToRegistry name process-nextick-args
275 silly mapToRegistry using default registry
276 silly mapToRegistry registry https://registry.npmjs.org/
277 silly mapToRegistry uri https://registry.npmjs.org/process-nextick-args
278 verbose addNameRange registry:https://registry.npmjs.org/process-nextick-args not in flight; fetching
279 silly resolveWithNewModule isarray@1.0.0 checking installable status
280 silly cache add args [ 'isarray@~1.0.0', null ]
281 verbose cache add spec isarray@~1.0.0
282 silly cache add parsed spec Result {
282 silly cache add   raw: 'isarray@~1.0.0',
282 silly cache add   scope: null,
282 silly cache add   name: 'isarray',
282 silly cache add   rawSpec: '~1.0.0',
282 silly cache add   spec: '>=1.0.0 <1.1.0',
282 silly cache add   type: 'range' }
283 silly addNamed isarray@>=1.0.0 <1.1.0
284 verbose addNamed ">=1.0.0 <1.1.0" is a valid semver range for isarray
285 silly addNameRange { name: 'isarray', range: '>=1.0.0 <1.1.0', hasData: false }
286 silly mapToRegistry name isarray
287 silly mapToRegistry using default registry
288 silly mapToRegistry registry https://registry.npmjs.org/
289 silly mapToRegistry uri https://registry.npmjs.org/isarray
290 verbose addNameRange registry:https://registry.npmjs.org/isarray not in flight; fetching
291 silly cache afterAdd core-util-is@1.0.2
292 verbose afterAdd /home/ubuntu/.npm/core-util-is/1.0.2/package/package.json not in flight; writing
293 verbose get https://registry.npmjs.org/process-nextick-args not expired, no request
294 silly addNameRange number 2 { name: 'process-nextick-args',
294 silly addNameRange   range: '>=2.0.0 <2.1.0',
294 silly addNameRange   hasData: true }
295 silly addNameRange versions [ 'process-nextick-args',
295 silly addNameRange   [ '1.0.0',
295 silly addNameRange     '1.0.1',
295 silly addNameRange     '1.0.2',
295 silly addNameRange     '1.0.3',
295 silly addNameRange     '1.0.4',
295 silly addNameRange     '1.0.5',
295 silly addNameRange     '1.0.6',
295 silly addNameRange     '1.0.7',
295 silly addNameRange     '2.0.0',
295 silly addNameRange     '2.0.1' ] ]
296 silly addNamed process-nextick-args@2.0.1
297 verbose addNamed "2.0.1" is a plain semver version for process-nextick-args
298 verbose get https://registry.npmjs.org/isarray not expired, no request
299 silly addNameRange number 2 { name: 'isarray', range: '>=1.0.0 <1.1.0', hasData: true }
300 silly addNameRange versions [ 'isarray',
300 silly addNameRange   [ '0.0.0',
300 silly addNameRange     '0.0.1',
300 silly addNameRange     '1.0.0',
300 silly addNameRange     '2.0.0',
300 silly addNameRange     '2.0.1',
300 silly addNameRange     '2.0.2',
300 silly addNameRange     '2.0.3',
300 silly addNameRange     '2.0.4',
300 silly addNameRange     '2.0.5' ] ]
301 silly addNamed isarray@1.0.0
302 verbose addNamed "1.0.0" is a plain semver version for isarray
303 verbose afterAdd /home/ubuntu/.npm/core-util-is/1.0.2/package/package.json written
304 silly cache afterAdd isarray@1.0.0
305 verbose afterAdd /home/ubuntu/.npm/isarray/1.0.0/package/package.json not in flight; writing
306 silly cache afterAdd process-nextick-args@2.0.1
307 verbose afterAdd /home/ubuntu/.npm/process-nextick-args/2.0.1/package/package.json not in flight; writing
308 http 304 https://registry.npmjs.org/util-deprecate
309 verbose headers { date: 'Tue, 04 Aug 2020 10:40:57 GMT',
309 verbose headers   connection: 'keep-alive',
309 verbose headers   'set-cookie':
309 verbose headers    [ '__cfduid=d374d5dc4f67bcb5636c6d4845bf15ed71596537657; expires=Thu, 03-Sep-20 10:40:57 GMT; path=/; domain=.npmjs.org; HttpOnly; SameSite=Lax' ],
309 verbose headers   'cf-ray': '5bd7a9c79bdea176-ICN',
309 verbose headers   age: '3645',
309 verbose headers   'cache-control': 'public, max-age=300',
309 verbose headers   etag: '"d116b09e4cac1e1e657ea3ce533e5631"',
309 verbose headers   'last-modified': 'Sun, 27 May 2018 20:38:18 GMT',
309 verbose headers   vary: 'Accept-Encoding',
309 verbose headers   'cf-cache-status': 'HIT',
309 verbose headers   'cf-request-id': '045aa870c20000a1769b071200000001',
309 verbose headers   'expect-ct': 'max-age=604800, report-uri="https://report-uri.cloudflare.com/cdn-cgi/beacon/expect-ct"',
309 verbose headers   server: 'cloudflare' }
310 silly get cb [ 304,
310 silly get   { date: 'Tue, 04 Aug 2020 10:40:57 GMT',
310 silly get     connection: 'keep-alive',
310 silly get     'set-cookie':
310 silly get      [ '__cfduid=d374d5dc4f67bcb5636c6d4845bf15ed71596537657; expires=Thu, 03-Sep-20 10:40:57 GMT; path=/; domain=.npmjs.org; HttpOnly; SameSite=Lax' ],
310 silly get     'cf-ray': '5bd7a9c79bdea176-ICN',
310 silly get     age: '3645',
310 silly get     'cache-control': 'public, max-age=300',
310 silly get     etag: '"d116b09e4cac1e1e657ea3ce533e5631"',
310 silly get     'last-modified': 'Sun, 27 May 2018 20:38:18 GMT',
310 silly get     vary: 'Accept-Encoding',
310 silly get     'cf-cache-status': 'HIT',
310 silly get     'cf-request-id': '045aa870c20000a1769b071200000001',
310 silly get     'expect-ct': 'max-age=604800, report-uri="https://report-uri.cloudflare.com/cdn-cgi/beacon/expect-ct"',
310 silly get     server: 'cloudflare' } ]
311 verbose etag https://registry.npmjs.org/util-deprecate from cache
312 verbose get saving util-deprecate to /home/ubuntu/.npm/registry.npmjs.org/util-deprecate/.cache.json
313 http 304 https://registry.npmjs.org/string_decoder
314 verbose headers { date: 'Tue, 04 Aug 2020 10:40:57 GMT',
314 verbose headers   connection: 'keep-alive',
314 verbose headers   'set-cookie':
314 verbose headers    [ '__cfduid=d7a5f8320d7edad502d385956c6814fe41596537657; expires=Thu, 03-Sep-20 10:40:57 GMT; path=/; domain=.npmjs.org; HttpOnly; SameSite=Lax' ],
314 verbose headers   'cf-ray': '5bd7a9c7ab5fa14c-ICN',
314 verbose headers   age: '3783',
314 verbose headers   'cache-control': 'public, max-age=300',
314 verbose headers   etag: '"0a93d953e853f8bf50ba2c73d36557a6"',
314 verbose headers   'last-modified': 'Wed, 07 Aug 2019 09:20:40 GMT',
314 verbose headers   vary: 'Accept-Encoding',
314 verbose headers   'cf-cache-status': 'HIT',
314 verbose headers   'cf-request-id': '045aa870c40000a14c0493e200000001',
314 verbose headers   'expect-ct': 'max-age=604800, report-uri="https://report-uri.cloudflare.com/cdn-cgi/beacon/expect-ct"',
314 verbose headers   server: 'cloudflare' }
315 silly get cb [ 304,
315 silly get   { date: 'Tue, 04 Aug 2020 10:40:57 GMT',
315 silly get     connection: 'keep-alive',
315 silly get     'set-cookie':
315 silly get      [ '__cfduid=d7a5f8320d7edad502d385956c6814fe41596537657; expires=Thu, 03-Sep-20 10:40:57 GMT; path=/; domain=.npmjs.org; HttpOnly; SameSite=Lax' ],
315 silly get     'cf-ray': '5bd7a9c7ab5fa14c-ICN',
315 silly get     age: '3783',
315 silly get     'cache-control': 'public, max-age=300',
315 silly get     etag: '"0a93d953e853f8bf50ba2c73d36557a6"',
315 silly get     'last-modified': 'Wed, 07 Aug 2019 09:20:40 GMT',
315 silly get     vary: 'Accept-Encoding',
315 silly get     'cf-cache-status': 'HIT',
315 silly get     'cf-request-id': '045aa870c40000a14c0493e200000001',
315 silly get     'expect-ct': 'max-age=604800, report-uri="https://report-uri.cloudflare.com/cdn-cgi/beacon/expect-ct"',
315 silly get     server: 'cloudflare' } ]
316 verbose etag https://registry.npmjs.org/string_decoder from cache
317 verbose get saving string_decoder to /home/ubuntu/.npm/registry.npmjs.org/string_decoder/.cache.json
318 verbose afterAdd /home/ubuntu/.npm/isarray/1.0.0/package/package.json written
319 verbose afterAdd /home/ubuntu/.npm/process-nextick-args/2.0.1/package/package.json written
320 silly resolveWithNewModule util-deprecate@1.0.2 checking installable status
321 silly cache add args [ 'util-deprecate@~1.0.1', null ]
322 verbose cache add spec util-deprecate@~1.0.1
323 silly cache add parsed spec Result {
323 silly cache add   raw: 'util-deprecate@~1.0.1',
323 silly cache add   scope: null,
323 silly cache add   name: 'util-deprecate',
323 silly cache add   rawSpec: '~1.0.1',
323 silly cache add   spec: '>=1.0.1 <1.1.0',
323 silly cache add   type: 'range' }
324 silly addNamed util-deprecate@>=1.0.1 <1.1.0
325 verbose addNamed ">=1.0.1 <1.1.0" is a valid semver range for util-deprecate
326 silly addNameRange { name: 'util-deprecate',
326 silly addNameRange   range: '>=1.0.1 <1.1.0',
326 silly addNameRange   hasData: false }
327 silly mapToRegistry name util-deprecate
328 silly mapToRegistry using default registry
329 silly mapToRegistry registry https://registry.npmjs.org/
330 silly mapToRegistry uri https://registry.npmjs.org/util-deprecate
331 verbose addNameRange registry:https://registry.npmjs.org/util-deprecate not in flight; fetching
332 silly resolveWithNewModule string_decoder@1.1.1 checking installable status
333 silly cache add args [ 'string_decoder@~1.1.1', null ]
334 verbose cache add spec string_decoder@~1.1.1
335 silly cache add parsed spec Result {
335 silly cache add   raw: 'string_decoder@~1.1.1',
335 silly cache add   scope: null,
335 silly cache add   name: 'string_decoder',
335 silly cache add   rawSpec: '~1.1.1',
335 silly cache add   spec: '>=1.1.1 <1.2.0',
335 silly cache add   type: 'range' }
336 silly addNamed string_decoder@>=1.1.1 <1.2.0
337 verbose addNamed ">=1.1.1 <1.2.0" is a valid semver range for string_decoder
338 silly addNameRange { name: 'string_decoder',
338 silly addNameRange   range: '>=1.1.1 <1.2.0',
338 silly addNameRange   hasData: false }
339 silly mapToRegistry name string_decoder
340 silly mapToRegistry using default registry
341 silly mapToRegistry registry https://registry.npmjs.org/
342 silly mapToRegistry uri https://registry.npmjs.org/string_decoder
343 verbose addNameRange registry:https://registry.npmjs.org/string_decoder not in flight; fetching
344 verbose get https://registry.npmjs.org/util-deprecate not expired, no request
345 silly addNameRange number 2 { name: 'util-deprecate',
345 silly addNameRange   range: '>=1.0.1 <1.1.0',
345 silly addNameRange   hasData: true }
346 silly addNameRange versions [ 'util-deprecate', [ '1.0.0', '1.0.1', '1.0.2' ] ]
347 silly addNamed util-deprecate@1.0.2
348 verbose addNamed "1.0.2" is a plain semver version for util-deprecate
349 verbose get https://registry.npmjs.org/string_decoder not expired, no request
350 silly addNameRange number 2 { name: 'string_decoder',
350 silly addNameRange   range: '>=1.1.1 <1.2.0',
350 silly addNameRange   hasData: true }
351 silly addNameRange versions [ 'string_decoder',
351 silly addNameRange   [ '0.0.0',
351 silly addNameRange     '0.0.1',
351 silly addNameRange     '0.10.24',
351 silly addNameRange     '0.11.10',
351 silly addNameRange     '0.10.25',
351 silly addNameRange     '0.11.10-1',
351 silly addNameRange     '0.10.25-1',
351 silly addNameRange     '0.10.31',
351 silly addNameRange     '1.0.0',
351 silly addNameRange     '1.0.1',
351 silly addNameRange     '1.0.2',
351 silly addNameRange     '1.0.3',
351 silly addNameRange     '1.1.0',
351 silly addNameRange     '1.1.1',
351 silly addNameRange     '1.2.0',
351 silly addNameRange     '1.3.0' ] ]
352 silly addNamed string_decoder@1.1.1
353 verbose addNamed "1.1.1" is a plain semver version for string_decoder
354 silly cache afterAdd util-deprecate@1.0.2
355 verbose afterAdd /home/ubuntu/.npm/util-deprecate/1.0.2/package/package.json not in flight; writing
356 silly cache afterAdd string_decoder@1.1.1
357 verbose afterAdd /home/ubuntu/.npm/string_decoder/1.1.1/package/package.json not in flight; writing
358 verbose afterAdd /home/ubuntu/.npm/util-deprecate/1.0.2/package/package.json written
359 verbose afterAdd /home/ubuntu/.npm/string_decoder/1.1.1/package/package.json written
360 silly loadAllDepsIntoIdealTree Finishing
361 silly idealTree:prePrune hello-world@1.0.0
361 silly idealTree:prePrune ├── accepts@1.3.7
361 silly idealTree:prePrune ├── array-flatten@1.1.1
361 silly idealTree:prePrune ├── balanced-match@1.0.0
361 silly idealTree:prePrune ├── bignumber.js@9.0.0
361 silly idealTree:prePrune ├── body-parser@1.19.0
361 silly idealTree:prePrune ├── brace-expansion@1.1.11
361 silly idealTree:prePrune ├── bytes@3.1.0
361 silly idealTree:prePrune ├── concat-map@0.0.1
361 silly idealTree:prePrune ├── content-disposition@0.5.3
361 silly idealTree:prePrune ├── content-type@1.0.4
361 silly idealTree:prePrune ├── cookie-signature@1.0.6
361 silly idealTree:prePrune ├── cookie@0.4.0
361 silly idealTree:prePrune ├── core-util-is@1.0.2
361 silly idealTree:prePrune ├── debug@2.6.9
361 silly idealTree:prePrune ├── depd@1.1.2
361 silly idealTree:prePrune ├── destroy@1.0.4
361 silly idealTree:prePrune ├── ee-first@1.1.1
361 silly idealTree:prePrune ├── encodeurl@1.0.2
361 silly idealTree:prePrune ├── escape-html@1.0.3
361 silly idealTree:prePrune ├── etag@1.8.1
361 silly idealTree:prePrune ├── express-handlebars@5.1.0
361 silly idealTree:prePrune ├─┬ express-session@1.17.1
361 silly idealTree:prePrune │ ├── depd@2.0.0
361 silly idealTree:prePrune │ └── safe-buffer@5.2.0
361 silly idealTree:prePrune ├── express@4.17.1
361 silly idealTree:prePrune ├── finalhandler@1.1.2
361 silly idealTree:prePrune ├── forwarded@0.1.2
361 silly idealTree:prePrune ├── fresh@0.5.2
361 silly idealTree:prePrune ├── fs.realpath@1.0.0
361 silly idealTree:prePrune ├── glob@7.1.6
361 silly idealTree:prePrune ├── graceful-fs@4.2.4
361 silly idealTree:prePrune ├── handlebars@4.7.6
361 silly idealTree:prePrune ├── http-errors@1.7.2
361 silly idealTree:prePrune ├── iconv-lite@0.4.24
361 silly idealTree:prePrune ├── inflight@1.0.6
361 silly idealTree:prePrune ├── inherits@2.0.3
361 silly idealTree:prePrune ├── ipaddr.js@1.9.1
361 silly idealTree:prePrune ├── isarray@1.0.0
361 silly idealTree:prePrune ├── media-typer@0.3.0
361 silly idealTree:prePrune ├── merge-descriptors@1.0.1
361 silly idealTree:prePrune ├── methods@1.1.2
361 silly idealTree:prePrune ├── mime-db@1.44.0
361 silly idealTree:prePrune ├── mime-types@2.1.27
361 silly idealTree:prePrune ├── mime@1.6.0
361 silly idealTree:prePrune ├── minimatch@3.0.4
361 silly idealTree:prePrune ├── minimist@1.2.5
361 silly idealTree:prePrune ├── ms@2.0.0
361 silly idealTree:prePrune ├── mysql@2.18.1
361 silly idealTree:prePrune ├── negotiator@0.6.2
361 silly idealTree:prePrune ├── neo-async@2.6.2
361 silly idealTree:prePrune ├── on-finished@2.3.0
361 silly idealTree:prePrune ├── on-headers@1.0.2
361 silly idealTree:prePrune ├── once@1.4.0
361 silly idealTree:prePrune ├── parseurl@1.3.3
361 silly idealTree:prePrune ├── path-is-absolute@1.0.1
361 silly idealTree:prePrune ├── path-to-regexp@0.1.7
361 silly idealTree:prePrune ├── process-nextick-args@2.0.1
361 silly idealTree:prePrune ├── proxy-addr@2.0.6
361 silly idealTree:prePrune ├── qs@6.7.0
361 silly idealTree:prePrune ├── random-bytes@1.0.0
361 silly idealTree:prePrune ├── range-parser@1.2.1
361 silly idealTree:prePrune ├── raw-body@2.4.0
361 silly idealTree:prePrune ├── readable-stream@2.3.7
361 silly idealTree:prePrune ├── safe-buffer@5.1.2
361 silly idealTree:prePrune ├── safer-buffer@2.1.2
361 silly idealTree:prePrune ├─┬ send@0.17.1
361 silly idealTree:prePrune │ └── ms@2.1.1
361 silly idealTree:prePrune ├── serve-static@1.14.1
361 silly idealTree:prePrune ├── setprototypeof@1.1.1
361 silly idealTree:prePrune ├── source-map@0.6.1
361 silly idealTree:prePrune ├── sqlstring@2.3.1
361 silly idealTree:prePrune ├── statuses@1.5.0
361 silly idealTree:prePrune ├── string_decoder@1.1.1
361 silly idealTree:prePrune ├── toidentifier@1.0.0
361 silly idealTree:prePrune ├── type-is@1.6.18
361 silly idealTree:prePrune ├── uglify-js@3.10.0
361 silly idealTree:prePrune ├── uid-safe@2.1.5
361 silly idealTree:prePrune ├── unpipe@1.0.0
361 silly idealTree:prePrune ├── util-deprecate@1.0.2
361 silly idealTree:prePrune ├── utils-merge@1.0.1
361 silly idealTree:prePrune ├── vary@1.1.2
361 silly idealTree:prePrune ├── wordwrap@1.0.0
361 silly idealTree:prePrune └── wrappy@1.0.2
362 silly loadIdealTree Finishing
363 silly currentTree hello-world@1.0.0
363 silly currentTree ├── accepts@1.3.7
363 silly currentTree ├── array-flatten@1.1.1
363 silly currentTree ├── balanced-match@1.0.0
363 silly currentTree ├── bignumber.js@9.0.0
363 silly currentTree ├── body-parser@1.19.0
363 silly currentTree ├── brace-expansion@1.1.11
363 silly currentTree ├── bytes@3.1.0
363 silly currentTree ├── concat-map@0.0.1
363 silly currentTree ├── content-disposition@0.5.3
363 silly currentTree ├── content-type@1.0.4
363 silly currentTree ├── cookie-signature@1.0.6
363 silly currentTree ├── cookie@0.4.0
363 silly currentTree ├── core-util-is@1.0.2
363 silly currentTree ├── debug@2.6.9
363 silly currentTree ├── depd@1.1.2
363 silly currentTree ├── destroy@1.0.4
363 silly currentTree ├── ee-first@1.1.1
363 silly currentTree ├── encodeurl@1.0.2
363 silly currentTree ├── escape-html@1.0.3
363 silly currentTree ├── etag@1.8.1
363 silly currentTree ├── express-handlebars@5.1.0
363 silly currentTree ├─┬ express-session@1.17.1
363 silly currentTree │ ├── depd@2.0.0
363 silly currentTree │ └── safe-buffer@5.2.0
363 silly currentTree ├── express@4.17.1
363 silly currentTree ├── finalhandler@1.1.2
363 silly currentTree ├── forwarded@0.1.2
363 silly currentTree ├── fresh@0.5.2
363 silly currentTree ├── fs.realpath@1.0.0
363 silly currentTree ├── glob@7.1.6
363 silly currentTree ├── graceful-fs@4.2.4
363 silly currentTree ├── handlebars@4.7.6
363 silly currentTree ├── http-errors@1.7.2
363 silly currentTree ├── iconv-lite@0.4.24
363 silly currentTree ├── inflight@1.0.6
363 silly currentTree ├── inherits@2.0.3
363 silly currentTree ├── ipaddr.js@1.9.1
363 silly currentTree ├── isarray@1.0.0
363 silly currentTree ├── media-typer@0.3.0
363 silly currentTree ├── merge-descriptors@1.0.1
363 silly currentTree ├── methods@1.1.2
363 silly currentTree ├── mime-db@1.44.0
363 silly currentTree ├── mime-types@2.1.27
363 silly currentTree ├── mime@1.6.0
363 silly currentTree ├── minimatch@3.0.4
363 silly currentTree ├── minimist@1.2.5
363 silly currentTree ├── ms@2.0.0
363 silly currentTree ├── mysql@2.18.1
363 silly currentTree ├── negotiator@0.6.2
363 silly currentTree ├── neo-async@2.6.2
363 silly currentTree ├── on-finished@2.3.0
363 silly currentTree ├── on-headers@1.0.2
363 silly currentTree ├── once@1.4.0
363 silly currentTree ├── parseurl@1.3.3
363 silly currentTree ├── path-is-absolute@1.0.1
363 silly currentTree ├── path-to-regexp@0.1.7
363 silly currentTree ├── process-nextick-args@2.0.1
363 silly currentTree ├── proxy-addr@2.0.6
363 silly currentTree ├── qs@6.7.0
363 silly currentTree ├── random-bytes@1.0.0
363 silly currentTree ├── range-parser@1.2.1
363 silly currentTree ├── raw-body@2.4.0
363 silly currentTree ├── readable-stream@2.3.7
363 silly currentTree ├── safe-buffer@5.1.2
363 silly currentTree ├── safer-buffer@2.1.2
363 silly currentTree ├─┬ send@0.17.1
363 silly currentTree │ └── ms@2.1.1
363 silly currentTree ├── serve-static@1.14.1
363 silly currentTree ├── setprototypeof@1.1.1
363 silly currentTree ├── source-map@0.6.1
363 silly currentTree ├── sqlstring@2.3.1
363 silly currentTree ├── statuses@1.5.0
363 silly currentTree ├── string_decoder@1.1.1
363 silly currentTree ├── toidentifier@1.0.0
363 silly currentTree ├── type-is@1.6.18
363 silly currentTree ├── uglify-js@3.10.0
363 silly currentTree ├── uid-safe@2.1.5
363 silly currentTree ├── unpipe@1.0.0
363 silly currentTree ├── util-deprecate@1.0.2
363 silly currentTree ├── utils-merge@1.0.1
363 silly currentTree ├── vary@1.1.2
363 silly currentTree ├── wordwrap@1.0.0
363 silly currentTree └── wrappy@1.0.2
364 silly idealTree hello-world@1.0.0
364 silly idealTree ├── accepts@1.3.7
364 silly idealTree ├── array-flatten@1.1.1
364 silly idealTree ├── balanced-match@1.0.0
364 silly idealTree ├── bignumber.js@9.0.0
364 silly idealTree ├── body-parser@1.19.0
364 silly idealTree ├── brace-expansion@1.1.11
364 silly idealTree ├── bytes@3.1.0
364 silly idealTree ├── concat-map@0.0.1
364 silly idealTree ├── content-disposition@0.5.3
364 silly idealTree ├── content-type@1.0.4
364 silly idealTree ├── cookie-signature@1.0.6
364 silly idealTree ├── cookie@0.4.0
364 silly idealTree ├── core-util-is@1.0.2
364 silly idealTree ├── debug@2.6.9
364 silly idealTree ├── depd@1.1.2
364 silly idealTree ├── destroy@1.0.4
364 silly idealTree ├── ee-first@1.1.1
364 silly idealTree ├── encodeurl@1.0.2
364 silly idealTree ├── escape-html@1.0.3
364 silly idealTree ├── etag@1.8.1
364 silly idealTree ├── express-handlebars@5.1.0
364 silly idealTree ├─┬ express-session@1.17.1
364 silly idealTree │ ├── depd@2.0.0
364 silly idealTree │ └── safe-buffer@5.2.0
364 silly idealTree ├── express@4.17.1
364 silly idealTree ├── finalhandler@1.1.2
364 silly idealTree ├── forwarded@0.1.2
364 silly idealTree ├── fresh@0.5.2
364 silly idealTree ├── fs.realpath@1.0.0
364 silly idealTree ├── glob@7.1.6
364 silly idealTree ├── graceful-fs@4.2.4
364 silly idealTree ├── handlebars@4.7.6
364 silly idealTree ├── http-errors@1.7.2
364 silly idealTree ├── iconv-lite@0.4.24
364 silly idealTree ├── inflight@1.0.6
364 silly idealTree ├── inherits@2.0.3
364 silly idealTree ├── ipaddr.js@1.9.1
364 silly idealTree ├── isarray@1.0.0
364 silly idealTree ├── media-typer@0.3.0
364 silly idealTree ├── merge-descriptors@1.0.1
364 silly idealTree ├── methods@1.1.2
364 silly idealTree ├── mime-db@1.44.0
364 silly idealTree ├── mime-types@2.1.27
364 silly idealTree ├── mime@1.6.0
364 silly idealTree ├── minimatch@3.0.4
364 silly idealTree ├── minimist@1.2.5
364 silly idealTree ├── ms@2.0.0
364 silly idealTree ├── mysql@2.18.1
364 silly idealTree ├── negotiator@0.6.2
364 silly idealTree ├── neo-async@2.6.2
364 silly idealTree ├── on-finished@2.3.0
364 silly idealTree ├── on-headers@1.0.2
364 silly idealTree ├── once@1.4.0
364 silly idealTree ├── parseurl@1.3.3
364 silly idealTree ├── path-is-absolute@1.0.1
364 silly idealTree ├── path-to-regexp@0.1.7
364 silly idealTree ├── process-nextick-args@2.0.1
364 silly idealTree ├── proxy-addr@2.0.6
364 silly idealTree ├── qs@6.7.0
364 silly idealTree ├── random-bytes@1.0.0
364 silly idealTree ├── range-parser@1.2.1
364 silly idealTree ├── raw-body@2.4.0
364 silly idealTree ├── readable-stream@2.3.7
364 silly idealTree ├── safe-buffer@5.1.2
364 silly idealTree ├── safer-buffer@2.1.2
364 silly idealTree ├─┬ send@0.17.1
364 silly idealTree │ └── ms@2.1.1
364 silly idealTree ├── serve-static@1.14.1
364 silly idealTree ├── setprototypeof@1.1.1
364 silly idealTree ├── source-map@0.6.1
364 silly idealTree ├── sqlstring@2.3.1
364 silly idealTree ├── statuses@1.5.0
364 silly idealTree ├── string_decoder@1.1.1
364 silly idealTree ├── toidentifier@1.0.0
364 silly idealTree ├── type-is@1.6.18
364 silly idealTree ├── uglify-js@3.10.0
364 silly idealTree ├── uid-safe@2.1.5
364 silly idealTree ├── unpipe@1.0.0
364 silly idealTree ├── util-deprecate@1.0.2
364 silly idealTree ├── utils-merge@1.0.1
364 silly idealTree ├── vary@1.1.2
364 silly idealTree ├── wordwrap@1.0.0
364 silly idealTree └── wrappy@1.0.2
365 silly generateActionsToTake Starting
366 silly install generateActionsToTake
367 silly generateActionsToTake Finishing
368 silly diffTrees action count 0
369 silly decomposeActions action count 0
370 silly executeActions Starting
371 silly install executeActions
372 silly doSerial global-install 0
373 silly doParallel fetch 0
374 verbose lock using /home/ubuntu/.npm/_locks/staging-3c2902f09dd5c1b3.lock for /home/ubuntu/Documents/OSU/cs290_Web_Development/project5/node_modules/.staging
375 verbose unlock done using /home/ubuntu/.npm/_locks/staging-3c2902f09dd5c1b3.lock for /home/ubuntu/Documents/OSU/cs290_Web_Development/project5/node_modules/.staging
376 silly rollbackFailedOptional Starting
377 silly rollbackFailedOptional Finishing
378 silly runTopLevelLifecycles Starting
379 silly runTopLevelLifecycles Finishing
380 silly install printInstalled
381 warn hello-world@1.0.0 No repository field.
382 verbose stack Error: EACCES: permission denied, mkdir '/home/ubuntu/Documents/OSU/cs290_Web_Development/project5/node_modules/.staging'
383 verbose cwd /home/ubuntu/Documents/OSU/cs290_Web_Development/project5
384 error Linux 5.3.0-1028-aws
385 error argv "/usr/bin/node" "/usr/bin/npm" "install" "mysql"
386 error node v8.10.0
387 error npm  v3.5.2
388 error path /home/ubuntu/Documents/OSU/cs290_Web_Development/project5/node_modules/.staging
389 error code EACCES
390 error errno -13
391 error syscall mkdir
392 error Error: EACCES: permission denied, mkdir '/home/ubuntu/Documents/OSU/cs290_Web_Development/project5/node_modules/.staging'
392 error  { Error: EACCES: permission denied, mkdir '/home/ubuntu/Documents/OSU/cs290_Web_Development/project5/node_modules/.staging'
392 error   errno: -13,
392 error   code: 'EACCES',
392 error   syscall: 'mkdir',
392 error   path: '/home/ubuntu/Documents/OSU/cs290_Web_Development/project5/node_modules/.staging' }
393 error Please try running this command again as root/Administrator.
394 verbose exit [ -13, true ]
